<?xml version="1.0" encoding="UTF-8"?>
<!-- Generated by org.testng.reporters.JUnitReportReporter -->
<testsuite hostname="SHASHANK" failures="0" tests="1" name="com.jenkinsPractice.login.login" time="5.768" errors="0" timestamp="2022-09-05T01:19:51 IST" skipped="0">
  <testcase classname="com.jenkinsPractice.login.login" name="loginvtigerTest" time="5.768"/>
  <system-out/>
</testsuite> <!-- com.jenkinsPractice.login.login -->
